[13:43:12] [Server thread/INFO]: Starting minecraft server version 1.15.1
[13:43:12] [Server thread/INFO]: Loading properties
[13:43:14] [Server thread/INFO]: This server is running CraftBukkit version git-Spigot-2ee05fe-d31f05f (MC: 1.15.1) (Implementing API version 1.15.1-R0.1-SNAPSHOT)
[13:43:14] [Server thread/INFO]: Debug logging is disabled
[13:43:14] [Server thread/INFO]: Server Ping Player Sample Count: 12
[13:43:14] [Server thread/INFO]: Using 4 threads for Netty based IO
[13:43:15] [Server thread/INFO]: Default game type: CREATIVE
[13:43:15] [Server thread/INFO]: Generating keypair
[13:43:15] [Server thread/INFO]: Starting Minecraft server on *:25565
[13:43:15] [Server thread/INFO]: Using default channel type
[13:43:30] [Server thread/WARN]: Plugin WarpsYML v1.0 does not specify an api-version.
[13:43:30] [Server thread/WARN]: Plugin VoxelSniper v5.171.0-SNAPSHOT does not specify an api-version.
[13:43:30] [Server thread/WARN]: Plugin MGG-Retsuden v1.0 does not specify an api-version.
[13:43:30] [Server thread/INFO]: [WorldEdit] Loading WorldEdit v7.1.0-beta-1;7039dc8
[13:43:34] [Server thread/INFO]: Got request to register class com.sk89q.worldedit.bukkit.BukkitServerInterface with WorldEdit [com.sk89q.worldedit.extension.platform.PlatformManager@3586ff15]
[13:43:34] [Server thread/INFO]: [WarpsYML] Loading WarpsYML v1.0
[13:43:34] [Server thread/INFO]: [VoxelSniper] Loading VoxelSniper v5.171.0-SNAPSHOT
[13:43:34] [Server thread/INFO]: [MGG-Retsuden] Loading MGG-Retsuden v1.0
[13:43:34] [Server thread/INFO]: [WorldEdit] Enabling WorldEdit v7.1.0-beta-1;7039dc8
[13:43:34] [Server thread/INFO]: WEPIF: Using the Bukkit Permissions API.
[13:43:35] [Server thread/INFO]: Using com.sk89q.worldedit.bukkit.adapter.impl.Spigot_v1_15_R1 as the Bukkit adapter
[13:43:38] [Server thread/WARN]: [WorldEdit] ====================================================
[13:43:38] [Server thread/WARN]: [WorldEdit]  WorldEdit works better if you use Paper 
[13:43:38] [Server thread/WARN]: [WorldEdit]  as your server software. 
[13:43:38] [Server thread/WARN]: [WorldEdit]   
[13:43:38] [Server thread/WARN]: [WorldEdit]  Paper offers significant performance improvements,
[13:43:38] [Server thread/WARN]: [WorldEdit]  bug fixes, security enhancements and optional
[13:43:38] [Server thread/WARN]: [WorldEdit]  features for server owners to enhance their server.
[13:43:38] [Server thread/WARN]: [WorldEdit]   
[13:43:38] [Server thread/WARN]: [WorldEdit]  Paper includes Timings v2, which is significantly
[13:43:38] [Server thread/WARN]: [WorldEdit]  better at diagnosing lag problems over v1.
[13:43:38] [Server thread/WARN]: [WorldEdit]   
[13:43:38] [Server thread/WARN]: [WorldEdit]  All of your plugins should still work, and the
[13:43:38] [Server thread/WARN]: [WorldEdit]  Paper community will gladly help you fix any issues.
[13:43:38] [Server thread/WARN]: [WorldEdit]   
[13:43:38] [Server thread/WARN]: [WorldEdit]  Join the Paper Community @ https://papermc.io
[13:43:38] [Server thread/WARN]: [WorldEdit] ====================================================
[13:43:38] [Server thread/INFO]: Preparing level "Mundo"
[13:43:39] [Server thread/INFO]: Reloading ResourceManager: Default, bukkit
[13:43:44] [Server thread/INFO]: Loaded 6 recipes
[13:43:50] [Server thread/INFO]: -------- World Settings For [Mundo] --------
[13:43:50] [Server thread/INFO]: View Distance: 10
[13:43:50] [Server thread/INFO]: Allow Zombie Pigmen to spawn from portal blocks: true
[13:43:50] [Server thread/INFO]: Arrow Despawn Rate: 1200 Trident Respawn Rate:1200
[13:43:50] [Server thread/INFO]: Item Merge Radius: 2.5
[13:43:50] [Server thread/INFO]: Item Despawn Rate: 6000
[13:43:50] [Server thread/INFO]: Nerfing mobs spawned from spawners: false
[13:43:50] [Server thread/INFO]: Custom Map Seeds:  Village: 10387312 Desert: 14357617 Igloo: 14357618 Jungle: 14357619 Swamp: 14357620 Monument: 10387313Ocean: 14357621 Shipwreck: 165745295 Slime: 987234911
[13:43:50] [Server thread/INFO]: Zombie Aggressive Towards Villager: true
[13:43:50] [Server thread/INFO]: Experience Merge Radius: 3.0
[13:43:50] [Server thread/INFO]: Cactus Growth Modifier: 100%
[13:43:50] [Server thread/INFO]: Cane Growth Modifier: 100%
[13:43:50] [Server thread/INFO]: Melon Growth Modifier: 100%
[13:43:50] [Server thread/INFO]: Mushroom Growth Modifier: 100%
[13:43:50] [Server thread/INFO]: Pumpkin Growth Modifier: 100%
[13:43:50] [Server thread/INFO]: Sapling Growth Modifier: 100%
[13:43:50] [Server thread/INFO]: Beetroot Growth Modifier: 100%
[13:43:50] [Server thread/INFO]: Carrot Growth Modifier: 100%
[13:43:50] [Server thread/INFO]: Potato Growth Modifier: 100%
[13:43:50] [Server thread/INFO]: Wheat Growth Modifier: 100%
[13:43:50] [Server thread/INFO]: NetherWart Growth Modifier: 100%
[13:43:50] [Server thread/INFO]: Vine Growth Modifier: 100%
[13:43:50] [Server thread/INFO]: Cocoa Growth Modifier: 100%
[13:43:50] [Server thread/INFO]: Bamboo Growth Modifier: 100%
[13:43:50] [Server thread/INFO]: SweetBerry Growth Modifier: 100%
[13:43:50] [Server thread/INFO]: Kelp Growth Modifier: 100%
[13:43:50] [Server thread/INFO]: Mob Spawn Range: 6
[13:43:50] [Server thread/INFO]: Hopper Transfer: 8 Hopper Check: 1 Hopper Amount: 1
[13:43:50] [Server thread/INFO]: Max TNT Explosions: 100
[13:43:50] [Server thread/INFO]: Tile Max Tick Time: 50ms Entity max Tick Time: 50ms
[13:43:50] [Server thread/INFO]: Entity Activation Range: An 32 / Mo 32 / Ra 48 / Mi 16 / Tiv true
[13:43:50] [Server thread/INFO]: Entity Tracking Range: Pl 48 / An 48 / Mo 48 / Mi 32 / Other 64
[13:44:35] [Server thread/INFO]: Registering commands with com.sk89q.worldedit.bukkit.BukkitServerInterface
[13:44:36] [Server thread/INFO]: Preparing start region for dimension 'Mundo'/minecraft:overworld
[13:44:41] [Server thread/INFO]: Preparing spawn area: 0%
[13:44:41] [Server thread/INFO]: Preparing spawn area: 0%
[13:44:41] [Server thread/INFO]: Preparing spawn area: 0%
[13:44:41] [Server thread/INFO]: Preparing spawn area: 0%
[13:44:41] [Server thread/INFO]: Preparing spawn area: 0%
[13:44:41] [Server thread/INFO]: Preparing spawn area: 0%
[13:44:41] [Server thread/INFO]: Preparing spawn area: 0%
[13:44:41] [Server thread/INFO]: Preparing spawn area: 0%
[13:44:41] [Server thread/INFO]: Preparing spawn area: 0%
[13:44:41] [Server thread/INFO]: Preparing spawn area: 0%
[13:44:41] [Server thread/INFO]: Preparing spawn area: 0%
[13:44:42] [Server-Worker-1/INFO]: Preparing spawn area: 0%
[13:44:42] [Server thread/INFO]: Preparing spawn area: 0%
[13:44:43] [Server-Worker-1/INFO]: Preparing spawn area: 37%
[13:44:43] [Server-Worker-1/INFO]: Preparing spawn area: 37%
[13:44:45] [Server thread/INFO]: Time elapsed: 9138 ms
[13:44:45] [Server thread/INFO]: [WarpsYML] Enabling WarpsYML v1.0
[13:44:45] [Server thread/INFO]: [0;32;1mWarpsYML enabled![m
[13:44:45] [Server thread/ERROR]: Error occurred while enabling WarpsYML v1.0 (Is it up to date?)
java.lang.NullPointerException: null
	at com.warpsyml.services.WarpService.stringPath(WarpService.java:17) ~[?:?]
	at com.warpsyml.Main.onEnable(Main.java:23) ~[?:?]
	at org.bukkit.plugin.java.JavaPlugin.setEnabled(JavaPlugin.java:263) ~[spigot-1.15.1.jar:git-Spigot-2ee05fe-d31f05f]
	at org.bukkit.plugin.java.JavaPluginLoader.enablePlugin(JavaPluginLoader.java:352) [spigot-1.15.1.jar:git-Spigot-2ee05fe-d31f05f]
	at org.bukkit.plugin.SimplePluginManager.enablePlugin(SimplePluginManager.java:417) [spigot-1.15.1.jar:git-Spigot-2ee05fe-d31f05f]
	at org.bukkit.craftbukkit.v1_15_R1.CraftServer.enablePlugin(CraftServer.java:462) [spigot-1.15.1.jar:git-Spigot-2ee05fe-d31f05f]
	at org.bukkit.craftbukkit.v1_15_R1.CraftServer.enablePlugins(CraftServer.java:376) [spigot-1.15.1.jar:git-Spigot-2ee05fe-d31f05f]
	at net.minecraft.server.v1_15_R1.MinecraftServer.a(MinecraftServer.java:456) [spigot-1.15.1.jar:git-Spigot-2ee05fe-d31f05f]
	at net.minecraft.server.v1_15_R1.DedicatedServer.init(DedicatedServer.java:266) [spigot-1.15.1.jar:git-Spigot-2ee05fe-d31f05f]
	at net.minecraft.server.v1_15_R1.MinecraftServer.run(MinecraftServer.java:783) [spigot-1.15.1.jar:git-Spigot-2ee05fe-d31f05f]
	at java.lang.Thread.run(Unknown Source) [?:1.8.0_231]
[13:44:45] [Server thread/INFO]: [VoxelSniper] Enabling VoxelSniper v5.171.0-SNAPSHOT
[13:44:45] [Server thread/INFO]: [VoxelSniper] Registered 75 Sniper Brushes with 149 handles.
[13:44:45] [Server thread/INFO]: [VoxelSniper] Registered Sniper Listener.
[13:44:45] [Server thread/INFO]: [MGG-Retsuden] Enabling MGG-Retsuden v1.0
[13:44:45] [Server thread/INFO]: [0;32;1mPlugin ativado![m
[13:44:45] [Server thread/INFO]: Server permissions file permissions.yml is empty, ignoring it
[13:44:46] [Server thread/INFO]: Done (68.063s)! For help, type "help"
[13:56:06] [Server thread/WARN]: Can't keep up! Is the server overloaded? Running 8781ms or 175 ticks behind
[13:58:28] [Server thread/INFO]: Stopping the server
[13:58:28] [Server thread/INFO]: Stopping server
[13:58:28] [Server thread/INFO]: [MGG-Retsuden] Disabling MGG-Retsuden v1.0
[13:58:28] [Server thread/INFO]: [0;31;1mPlugin desativado![m
[13:58:28] [Server thread/INFO]: [VoxelSniper] Disabling VoxelSniper v5.171.0-SNAPSHOT
[13:58:28] [Server thread/INFO]: [WarpsYML] Disabling WarpsYML v1.0
[13:58:28] [Server thread/INFO]: [0;31;1mWarpsYML disabled![m
[13:58:28] [Server thread/INFO]: [WorldEdit] Disabling WorldEdit v7.1.0-beta-1;7039dc8
[13:58:28] [Server thread/INFO]: Unregistering com.sk89q.worldedit.bukkit.BukkitServerInterface from WorldEdit
[13:58:28] [Server thread/INFO]: Saving players
[13:58:28] [Server thread/INFO]: Saving worlds
[13:58:28] [Server thread/INFO]: Saving chunks for level 'Mundo'/minecraft:overworld
[13:58:28] [Server thread/INFO]: ThreadedAnvilChunkStorage (Mundo): All chunks are saved
[13:58:28] [Server thread/INFO]: ThreadedAnvilChunkStorage (Mundo): All chunks are saved
